RangeNotSatisfiableError: Range Not Satisfiable
    at createHttpError (/home/devtrang/web/trang-dev.ictu.vn/chat/node_modules/send/index.js:984:7)
    at SendStream.error (/home/devtrang/web/trang-dev.ictu.vn/chat/node_modules/send/index.js:270:31)
    at SendStream.send (/home/devtrang/web/trang-dev.ictu.vn/chat/node_modules/send/index.js:666:19)
    at onstat (/home/devtrang/web/trang-dev.ictu.vn/chat/node_modules/send/index.js:725:10)
    at FSReqCallback.oncomplete (node:fs:198:5)
RangeNotSatisfiableError: Range Not Satisfiable
    at createHttpError (/home/devtrang/web/trang-dev.ictu.vn/chat/node_modules/send/index.js:984:7)
    at SendStream.error (/home/devtrang/web/trang-dev.ictu.vn/chat/node_modules/send/index.js:270:31)
    at SendStream.send (/home/devtrang/web/trang-dev.ictu.vn/chat/node_modules/send/index.js:666:19)
    at onstat (/home/devtrang/web/trang-dev.ictu.vn/chat/node_modules/send/index.js:725:10)
    at FSReqCallback.oncomplete (node:fs:198:5)
RangeNotSatisfiableError: Range Not Satisfiable
    at createHttpError (/home/devtrang/web/trang-dev.ictu.vn/chat/node_modules/send/index.js:984:7)
    at SendStream.error (/home/devtrang/web/trang-dev.ictu.vn/chat/node_modules/send/index.js:270:31)
    at SendStream.send (/home/devtrang/web/trang-dev.ictu.vn/chat/node_modules/send/index.js:666:19)
    at onstat (/home/devtrang/web/trang-dev.ictu.vn/chat/node_modules/send/index.js:725:10)
    at FSReqCallback.oncomplete (node:fs:198:5)
RangeNotSatisfiableError: Range Not Satisfiable
    at createHttpError (/home/devtrang/web/trang-dev.ictu.vn/chat/node_modules/send/index.js:984:7)
    at SendStream.error (/home/devtrang/web/trang-dev.ictu.vn/chat/node_modules/send/index.js:270:31)
    at SendStream.send (/home/devtrang/web/trang-dev.ictu.vn/chat/node_modules/send/index.js:666:19)
    at onstat (/home/devtrang/web/trang-dev.ictu.vn/chat/node_modules/send/index.js:725:10)
    at FSReqCallback.oncomplete (node:fs:198:5)
RangeNotSatisfiableError: Range Not Satisfiable
    at createHttpError (/home/devtrang/web/trang-dev.ictu.vn/chat/node_modules/send/index.js:984:7)
    at SendStream.error (/home/devtrang/web/trang-dev.ictu.vn/chat/node_modules/send/index.js:270:31)
    at SendStream.send (/home/devtrang/web/trang-dev.ictu.vn/chat/node_modules/send/index.js:666:19)
    at onstat (/home/devtrang/web/trang-dev.ictu.vn/chat/node_modules/send/index.js:725:10)
    at FSReqCallback.oncomplete (node:fs:198:5)
RangeNotSatisfiableError: Range Not Satisfiable
    at createHttpError (/home/devtrang/web/trang-dev.ictu.vn/chat/node_modules/send/index.js:984:7)
    at SendStream.error (/home/devtrang/web/trang-dev.ictu.vn/chat/node_modules/send/index.js:270:31)
    at SendStream.send (/home/devtrang/web/trang-dev.ictu.vn/chat/node_modules/send/index.js:666:19)
    at onstat (/home/devtrang/web/trang-dev.ictu.vn/chat/node_modules/send/index.js:725:10)
    at FSReqCallback.oncomplete (node:fs:198:5)
RangeNotSatisfiableError: Range Not Satisfiable
    at createHttpError (/home/devtrang/web/trang-dev.ictu.vn/chat/node_modules/send/index.js:984:7)
    at SendStream.error (/home/devtrang/web/trang-dev.ictu.vn/chat/node_modules/send/index.js:270:31)
    at SendStream.send (/home/devtrang/web/trang-dev.ictu.vn/chat/node_modules/send/index.js:666:19)
    at onstat (/home/devtrang/web/trang-dev.ictu.vn/chat/node_modules/send/index.js:725:10)
    at FSReqCallback.oncomplete (node:fs:198:5)
RangeNotSatisfiableError: Range Not Satisfiable
    at createHttpError (/home/devtrang/web/trang-dev.ictu.vn/chat/node_modules/send/index.js:984:7)
    at SendStream.error (/home/devtrang/web/trang-dev.ictu.vn/chat/node_modules/send/index.js:270:31)
    at SendStream.send (/home/devtrang/web/trang-dev.ictu.vn/chat/node_modules/send/index.js:666:19)
    at onstat (/home/devtrang/web/trang-dev.ictu.vn/chat/node_modules/send/index.js:725:10)
    at FSReqCallback.oncomplete (node:fs:198:5)
RangeNotSatisfiableError: Range Not Satisfiable
    at createHttpError (/home/devtrang/web/trang-dev.ictu.vn/chat/node_modules/send/index.js:984:7)
    at SendStream.error (/home/devtrang/web/trang-dev.ictu.vn/chat/node_modules/send/index.js:270:31)
    at SendStream.send (/home/devtrang/web/trang-dev.ictu.vn/chat/node_modules/send/index.js:666:19)
    at onstat (/home/devtrang/web/trang-dev.ictu.vn/chat/node_modules/send/index.js:725:10)
    at FSReqCallback.oncomplete (node:fs:198:5)
RangeNotSatisfiableError: Range Not Satisfiable
    at createHttpError (/home/devtrang/web/trang-dev.ictu.vn/chat/node_modules/send/index.js:984:7)
    at SendStream.error (/home/devtrang/web/trang-dev.ictu.vn/chat/node_modules/send/index.js:270:31)
    at SendStream.send (/home/devtrang/web/trang-dev.ictu.vn/chat/node_modules/send/index.js:666:19)
    at onstat (/home/devtrang/web/trang-dev.ictu.vn/chat/node_modules/send/index.js:725:10)
    at FSReqCallback.oncomplete (node:fs:198:5)
RangeNotSatisfiableError: Range Not Satisfiable
    at createHttpError (/home/devtrang/web/trang-dev.ictu.vn/chat/node_modules/send/index.js:984:7)
    at SendStream.error (/home/devtrang/web/trang-dev.ictu.vn/chat/node_modules/send/index.js:270:31)
    at SendStream.send (/home/devtrang/web/trang-dev.ictu.vn/chat/node_modules/send/index.js:666:19)
    at onstat (/home/devtrang/web/trang-dev.ictu.vn/chat/node_modules/send/index.js:725:10)
    at FSReqCallback.oncomplete (node:fs:198:5)
RangeNotSatisfiableError: Range Not Satisfiable
    at createHttpError (/home/devtrang/web/trang-dev.ictu.vn/chat/node_modules/send/index.js:984:7)
    at SendStream.error (/home/devtrang/web/trang-dev.ictu.vn/chat/node_modules/send/index.js:270:31)
    at SendStream.send (/home/devtrang/web/trang-dev.ictu.vn/chat/node_modules/send/index.js:666:19)
    at onstat (/home/devtrang/web/trang-dev.ictu.vn/chat/node_modules/send/index.js:725:10)
    at FSReqCallback.oncomplete (node:fs:198:5)
RangeNotSatisfiableError: Range Not Satisfiable
    at createHttpError (/home/devtrang/web/trang-dev.ictu.vn/chat/node_modules/send/index.js:984:7)
    at SendStream.error (/home/devtrang/web/trang-dev.ictu.vn/chat/node_modules/send/index.js:270:31)
    at SendStream.send (/home/devtrang/web/trang-dev.ictu.vn/chat/node_modules/send/index.js:666:19)
    at onstat (/home/devtrang/web/trang-dev.ictu.vn/chat/node_modules/send/index.js:725:10)
    at FSReqCallback.oncomplete (node:fs:198:5)
RangeNotSatisfiableError: Range Not Satisfiable
    at createHttpError (/home/devtrang/web/trang-dev.ictu.vn/chat/node_modules/send/index.js:984:7)
    at SendStream.error (/home/devtrang/web/trang-dev.ictu.vn/chat/node_modules/send/index.js:270:31)
    at SendStream.send (/home/devtrang/web/trang-dev.ictu.vn/chat/node_modules/send/index.js:666:19)
    at onstat (/home/devtrang/web/trang-dev.ictu.vn/chat/node_modules/send/index.js:725:10)
    at FSReqCallback.oncomplete (node:fs:198:5)
RangeNotSatisfiableError: Range Not Satisfiable
    at createHttpError (/home/devtrang/web/trang-dev.ictu.vn/chat/node_modules/send/index.js:984:7)
    at SendStream.error (/home/devtrang/web/trang-dev.ictu.vn/chat/node_modules/send/index.js:270:31)
    at SendStream.send (/home/devtrang/web/trang-dev.ictu.vn/chat/node_modules/send/index.js:666:19)
    at onstat (/home/devtrang/web/trang-dev.ictu.vn/chat/node_modules/send/index.js:725:10)
    at FSReqCallback.oncomplete (node:fs:198:5)
RangeNotSatisfiableError: Range Not Satisfiable
    at createHttpError (/home/devtrang/web/trang-dev.ictu.vn/chat/node_modules/send/index.js:984:7)
    at SendStream.error (/home/devtrang/web/trang-dev.ictu.vn/chat/node_modules/send/index.js:270:31)
    at SendStream.send (/home/devtrang/web/trang-dev.ictu.vn/chat/node_modules/send/index.js:666:19)
    at onstat (/home/devtrang/web/trang-dev.ictu.vn/chat/node_modules/send/index.js:725:10)
    at FSReqCallback.oncomplete (node:fs:198:5)
RangeNotSatisfiableError: Range Not Satisfiable
    at createHttpError (/home/devtrang/web/trang-dev.ictu.vn/chat/node_modules/send/index.js:984:7)
    at SendStream.error (/home/devtrang/web/trang-dev.ictu.vn/chat/node_modules/send/index.js:270:31)
    at SendStream.send (/home/devtrang/web/trang-dev.ictu.vn/chat/node_modules/send/index.js:666:19)
    at onstat (/home/devtrang/web/trang-dev.ictu.vn/chat/node_modules/send/index.js:725:10)
    at FSReqCallback.oncomplete (node:fs:198:5)
RangeNotSatisfiableError: Range Not Satisfiable
    at createHttpError (/home/devtrang/web/trang-dev.ictu.vn/chat/node_modules/send/index.js:984:7)
    at SendStream.error (/home/devtrang/web/trang-dev.ictu.vn/chat/node_modules/send/index.js:270:31)
    at SendStream.send (/home/devtrang/web/trang-dev.ictu.vn/chat/node_modules/send/index.js:666:19)
    at onstat (/home/devtrang/web/trang-dev.ictu.vn/chat/node_modules/send/index.js:725:10)
    at FSReqCallback.oncomplete (node:fs:198:5)
RangeNotSatisfiableError: Range Not Satisfiable
    at createHttpError (/home/devtrang/web/trang-dev.ictu.vn/chat/node_modules/send/index.js:984:7)
    at SendStream.error (/home/devtrang/web/trang-dev.ictu.vn/chat/node_modules/send/index.js:270:31)
    at SendStream.send (/home/devtrang/web/trang-dev.ictu.vn/chat/node_modules/send/index.js:666:19)
    at onstat (/home/devtrang/web/trang-dev.ictu.vn/chat/node_modules/send/index.js:725:10)
    at FSReqCallback.oncomplete (node:fs:198:5)
RangeNotSatisfiableError: Range Not Satisfiable
    at createHttpError (/home/devtrang/web/trang-dev.ictu.vn/chat/node_modules/send/index.js:984:7)
    at SendStream.error (/home/devtrang/web/trang-dev.ictu.vn/chat/node_modules/send/index.js:270:31)
    at SendStream.send (/home/devtrang/web/trang-dev.ictu.vn/chat/node_modules/send/index.js:666:19)
    at onstat (/home/devtrang/web/trang-dev.ictu.vn/chat/node_modules/send/index.js:725:10)
    at FSReqCallback.oncomplete (node:fs:198:5)
RangeNotSatisfiableError: Range Not Satisfiable
    at createHttpError (/home/devtrang/web/trang-dev.ictu.vn/chat/node_modules/send/index.js:984:7)
    at SendStream.error (/home/devtrang/web/trang-dev.ictu.vn/chat/node_modules/send/index.js:270:31)
    at SendStream.send (/home/devtrang/web/trang-dev.ictu.vn/chat/node_modules/send/index.js:666:19)
    at onstat (/home/devtrang/web/trang-dev.ictu.vn/chat/node_modules/send/index.js:725:10)
    at FSReqCallback.oncomplete (node:fs:198:5)
RangeNotSatisfiableError: Range Not Satisfiable
    at createHttpError (/home/devtrang/web/trang-dev.ictu.vn/chat/node_modules/send/index.js:984:7)
    at SendStream.error (/home/devtrang/web/trang-dev.ictu.vn/chat/node_modules/send/index.js:270:31)
    at SendStream.send (/home/devtrang/web/trang-dev.ictu.vn/chat/node_modules/send/index.js:666:19)
    at onstat (/home/devtrang/web/trang-dev.ictu.vn/chat/node_modules/send/index.js:725:10)
    at FSReqCallback.oncomplete (node:fs:198:5)
RangeNotSatisfiableError: Range Not Satisfiable
    at createHttpError (/home/devtrang/web/trang-dev.ictu.vn/chat/node_modules/send/index.js:984:7)
    at SendStream.error (/home/devtrang/web/trang-dev.ictu.vn/chat/node_modules/send/index.js:270:31)
    at SendStream.send (/home/devtrang/web/trang-dev.ictu.vn/chat/node_modules/send/index.js:666:19)
    at onstat (/home/devtrang/web/trang-dev.ictu.vn/chat/node_modules/send/index.js:725:10)
    at FSReqCallback.oncomplete (node:fs:198:5)
RangeNotSatisfiableError: Range Not Satisfiable
    at createHttpError (/home/devtrang/web/trang-dev.ictu.vn/chat/node_modules/send/index.js:984:7)
    at SendStream.error (/home/devtrang/web/trang-dev.ictu.vn/chat/node_modules/send/index.js:270:31)
    at SendStream.send (/home/devtrang/web/trang-dev.ictu.vn/chat/node_modules/send/index.js:666:19)
    at onstat (/home/devtrang/web/trang-dev.ictu.vn/chat/node_modules/send/index.js:725:10)
    at FSReqCallback.oncomplete (node:fs:198:5)
RangeNotSatisfiableError: Range Not Satisfiable
    at createHttpError (/home/devtrang/web/trang-dev.ictu.vn/chat/node_modules/send/index.js:984:7)
    at SendStream.error (/home/devtrang/web/trang-dev.ictu.vn/chat/node_modules/send/index.js:270:31)
    at SendStream.send (/home/devtrang/web/trang-dev.ictu.vn/chat/node_modules/send/index.js:666:19)
    at onstat (/home/devtrang/web/trang-dev.ictu.vn/chat/node_modules/send/index.js:725:10)
    at FSReqCallback.oncomplete (node:fs:198:5)
RangeNotSatisfiableError: Range Not Satisfiable
    at createHttpError (/home/devtrang/web/trang-dev.ictu.vn/chat/node_modules/send/index.js:984:7)
    at SendStream.error (/home/devtrang/web/trang-dev.ictu.vn/chat/node_modules/send/index.js:270:31)
    at SendStream.send (/home/devtrang/web/trang-dev.ictu.vn/chat/node_modules/send/index.js:666:19)
    at onstat (/home/devtrang/web/trang-dev.ictu.vn/chat/node_modules/send/index.js:725:10)
    at FSReqCallback.oncomplete (node:fs:198:5)
RangeNotSatisfiableError: Range Not Satisfiable
    at createHttpError (/home/devtrang/web/trang-dev.ictu.vn/chat/node_modules/send/index.js:984:7)
    at SendStream.error (/home/devtrang/web/trang-dev.ictu.vn/chat/node_modules/send/index.js:270:31)
    at SendStream.send (/home/devtrang/web/trang-dev.ictu.vn/chat/node_modules/send/index.js:666:19)
    at onstat (/home/devtrang/web/trang-dev.ictu.vn/chat/node_modules/send/index.js:725:10)
    at FSReqCallback.oncomplete (node:fs:198:5)
RangeNotSatisfiableError: Range Not Satisfiable
    at createHttpError (/home/devtrang/web/trang-dev.ictu.vn/chat/node_modules/send/index.js:984:7)
    at SendStream.error (/home/devtrang/web/trang-dev.ictu.vn/chat/node_modules/send/index.js:270:31)
    at SendStream.send (/home/devtrang/web/trang-dev.ictu.vn/chat/node_modules/send/index.js:666:19)
    at onstat (/home/devtrang/web/trang-dev.ictu.vn/chat/node_modules/send/index.js:725:10)
    at FSReqCallback.oncomplete (node:fs:198:5)
RangeNotSatisfiableError: Range Not Satisfiable
    at createHttpError (/home/devtrang/web/trang-dev.ictu.vn/chat/node_modules/send/index.js:984:7)
    at SendStream.error (/home/devtrang/web/trang-dev.ictu.vn/chat/node_modules/send/index.js:270:31)
    at SendStream.send (/home/devtrang/web/trang-dev.ictu.vn/chat/node_modules/send/index.js:666:19)
    at onstat (/home/devtrang/web/trang-dev.ictu.vn/chat/node_modules/send/index.js:725:10)
    at FSReqCallback.oncomplete (node:fs:198:5)
RangeNotSatisfiableError: Range Not Satisfiable
    at createHttpError (/home/devtrang/web/trang-dev.ictu.vn/chat/node_modules/send/index.js:984:7)
    at SendStream.error (/home/devtrang/web/trang-dev.ictu.vn/chat/node_modules/send/index.js:270:31)
    at SendStream.send (/home/devtrang/web/trang-dev.ictu.vn/chat/node_modules/send/index.js:666:19)
    at onstat (/home/devtrang/web/trang-dev.ictu.vn/chat/node_modules/send/index.js:725:10)
    at FSReqCallback.oncomplete (node:fs:198:5)
RangeNotSatisfiableError: Range Not Satisfiable
    at createHttpError (/home/devtrang/web/trang-dev.ictu.vn/chat/node_modules/send/index.js:984:7)
    at SendStream.error (/home/devtrang/web/trang-dev.ictu.vn/chat/node_modules/send/index.js:270:31)
    at SendStream.send (/home/devtrang/web/trang-dev.ictu.vn/chat/node_modules/send/index.js:666:19)
    at onstat (/home/devtrang/web/trang-dev.ictu.vn/chat/node_modules/send/index.js:725:10)
    at FSReqCallback.oncomplete (node:fs:198:5)
RangeNotSatisfiableError: Range Not Satisfiable
    at createHttpError (/home/devtrang/web/trang-dev.ictu.vn/chat/node_modules/send/index.js:984:7)
    at SendStream.error (/home/devtrang/web/trang-dev.ictu.vn/chat/node_modules/send/index.js:270:31)
    at SendStream.send (/home/devtrang/web/trang-dev.ictu.vn/chat/node_modules/send/index.js:666:19)
    at onstat (/home/devtrang/web/trang-dev.ictu.vn/chat/node_modules/send/index.js:725:10)
    at FSReqCallback.oncomplete (node:fs:198:5)
RangeNotSatisfiableError: Range Not Satisfiable
    at createHttpError (/home/devtrang/web/trang-dev.ictu.vn/chat/node_modules/send/index.js:984:7)
    at SendStream.error (/home/devtrang/web/trang-dev.ictu.vn/chat/node_modules/send/index.js:270:31)
    at SendStream.send (/home/devtrang/web/trang-dev.ictu.vn/chat/node_modules/send/index.js:666:19)
    at onstat (/home/devtrang/web/trang-dev.ictu.vn/chat/node_modules/send/index.js:725:10)
    at FSReqCallback.oncomplete (node:fs:198:5)
RangeNotSatisfiableError: Range Not Satisfiable
    at createHttpError (/home/devtrang/web/trang-dev.ictu.vn/chat/node_modules/send/index.js:984:7)
    at SendStream.error (/home/devtrang/web/trang-dev.ictu.vn/chat/node_modules/send/index.js:270:31)
    at SendStream.send (/home/devtrang/web/trang-dev.ictu.vn/chat/node_modules/send/index.js:666:19)
    at onstat (/home/devtrang/web/trang-dev.ictu.vn/chat/node_modules/send/index.js:725:10)
    at FSReqCallback.oncomplete (node:fs:198:5)
RangeNotSatisfiableError: Range Not Satisfiable
    at createHttpError (/home/devtrang/web/trang-dev.ictu.vn/chat/node_modules/send/index.js:984:7)
    at SendStream.error (/home/devtrang/web/trang-dev.ictu.vn/chat/node_modules/send/index.js:270:31)
    at SendStream.send (/home/devtrang/web/trang-dev.ictu.vn/chat/node_modules/send/index.js:666:19)
    at onstat (/home/devtrang/web/trang-dev.ictu.vn/chat/node_modules/send/index.js:725:10)
    at FSReqCallback.oncomplete (node:fs:198:5)
RangeNotSatisfiableError: Range Not Satisfiable
    at createHttpError (/home/devtrang/web/trang-dev.ictu.vn/chat/node_modules/send/index.js:984:7)
    at SendStream.error (/home/devtrang/web/trang-dev.ictu.vn/chat/node_modules/send/index.js:270:31)
    at SendStream.send (/home/devtrang/web/trang-dev.ictu.vn/chat/node_modules/send/index.js:666:19)
    at onstat (/home/devtrang/web/trang-dev.ictu.vn/chat/node_modules/send/index.js:725:10)
    at FSReqCallback.oncomplete (node:fs:198:5)
RangeNotSatisfiableError: Range Not Satisfiable
    at createHttpError (/home/devtrang/web/trang-dev.ictu.vn/chat/node_modules/send/index.js:984:7)
    at SendStream.error (/home/devtrang/web/trang-dev.ictu.vn/chat/node_modules/send/index.js:270:31)
    at SendStream.send (/home/devtrang/web/trang-dev.ictu.vn/chat/node_modules/send/index.js:666:19)
    at onstat (/home/devtrang/web/trang-dev.ictu.vn/chat/node_modules/send/index.js:725:10)
    at FSReqCallback.oncomplete (node:fs:198:5)
RangeNotSatisfiableError: Range Not Satisfiable
    at createHttpError (/home/devtrang/web/trang-dev.ictu.vn/chat/node_modules/send/index.js:984:7)
    at SendStream.error (/home/devtrang/web/trang-dev.ictu.vn/chat/node_modules/send/index.js:270:31)
    at SendStream.send (/home/devtrang/web/trang-dev.ictu.vn/chat/node_modules/send/index.js:666:19)
    at onstat (/home/devtrang/web/trang-dev.ictu.vn/chat/node_modules/send/index.js:725:10)
    at FSReqCallback.oncomplete (node:fs:198:5)
RangeNotSatisfiableError: Range Not Satisfiable
    at createHttpError (/home/devtrang/web/trang-dev.ictu.vn/chat/node_modules/send/index.js:984:7)
    at SendStream.error (/home/devtrang/web/trang-dev.ictu.vn/chat/node_modules/send/index.js:270:31)
    at SendStream.send (/home/devtrang/web/trang-dev.ictu.vn/chat/node_modules/send/index.js:666:19)
    at onstat (/home/devtrang/web/trang-dev.ictu.vn/chat/node_modules/send/index.js:725:10)
    at FSReqCallback.oncomplete (node:fs:198:5)
RangeNotSatisfiableError: Range Not Satisfiable
    at createHttpError (/home/devtrang/web/trang-dev.ictu.vn/chat/node_modules/send/index.js:984:7)
    at SendStream.error (/home/devtrang/web/trang-dev.ictu.vn/chat/node_modules/send/index.js:270:31)
    at SendStream.send (/home/devtrang/web/trang-dev.ictu.vn/chat/node_modules/send/index.js:666:19)
    at onstat (/home/devtrang/web/trang-dev.ictu.vn/chat/node_modules/send/index.js:725:10)
    at FSReqCallback.oncomplete (node:fs:198:5)
RangeNotSatisfiableError: Range Not Satisfiable
    at createHttpError (/home/devtrang/web/trang-dev.ictu.vn/chat/node_modules/send/index.js:984:7)
    at SendStream.error (/home/devtrang/web/trang-dev.ictu.vn/chat/node_modules/send/index.js:270:31)
    at SendStream.send (/home/devtrang/web/trang-dev.ictu.vn/chat/node_modules/send/index.js:666:19)
    at onstat (/home/devtrang/web/trang-dev.ictu.vn/chat/node_modules/send/index.js:725:10)
    at FSReqCallback.oncomplete (node:fs:198:5)
RangeNotSatisfiableError: Range Not Satisfiable
    at createHttpError (/home/devtrang/web/trang-dev.ictu.vn/chat/node_modules/send/index.js:984:7)
    at SendStream.error (/home/devtrang/web/trang-dev.ictu.vn/chat/node_modules/send/index.js:270:31)
    at SendStream.send (/home/devtrang/web/trang-dev.ictu.vn/chat/node_modules/send/index.js:666:19)
    at onstat (/home/devtrang/web/trang-dev.ictu.vn/chat/node_modules/send/index.js:725:10)
    at FSReqCallback.oncomplete (node:fs:198:5)
RangeNotSatisfiableError: Range Not Satisfiable
    at createHttpError (/home/devtrang/web/trang-dev.ictu.vn/chat/node_modules/send/index.js:984:7)
    at SendStream.error (/home/devtrang/web/trang-dev.ictu.vn/chat/node_modules/send/index.js:270:31)
    at SendStream.send (/home/devtrang/web/trang-dev.ictu.vn/chat/node_modules/send/index.js:666:19)
    at onstat (/home/devtrang/web/trang-dev.ictu.vn/chat/node_modules/send/index.js:725:10)
    at FSReqCallback.oncomplete (node:fs:198:5)
RangeNotSatisfiableError: Range Not Satisfiable
    at createHttpError (/home/devtrang/web/trang-dev.ictu.vn/chat/node_modules/send/index.js:984:7)
    at SendStream.error (/home/devtrang/web/trang-dev.ictu.vn/chat/node_modules/send/index.js:270:31)
    at SendStream.send (/home/devtrang/web/trang-dev.ictu.vn/chat/node_modules/send/index.js:666:19)
    at onstat (/home/devtrang/web/trang-dev.ictu.vn/chat/node_modules/send/index.js:725:10)
    at FSReqCallback.oncomplete (node:fs:198:5)
RangeNotSatisfiableError: Range Not Satisfiable
    at createHttpError (/home/devtrang/web/trang-dev.ictu.vn/chat/node_modules/send/index.js:984:7)
    at SendStream.error (/home/devtrang/web/trang-dev.ictu.vn/chat/node_modules/send/index.js:270:31)
    at SendStream.send (/home/devtrang/web/trang-dev.ictu.vn/chat/node_modules/send/index.js:666:19)
    at onstat (/home/devtrang/web/trang-dev.ictu.vn/chat/node_modules/send/index.js:725:10)
    at FSReqCallback.oncomplete (node:fs:198:5)
RangeNotSatisfiableError: Range Not Satisfiable
    at createHttpError (/home/devtrang/web/trang-dev.ictu.vn/chat/node_modules/send/index.js:984:7)
    at SendStream.error (/home/devtrang/web/trang-dev.ictu.vn/chat/node_modules/send/index.js:270:31)
    at SendStream.send (/home/devtrang/web/trang-dev.ictu.vn/chat/node_modules/send/index.js:666:19)
    at onstat (/home/devtrang/web/trang-dev.ictu.vn/chat/node_modules/send/index.js:725:10)
    at FSReqCallback.oncomplete (node:fs:198:5)
RangeNotSatisfiableError: Range Not Satisfiable
    at createHttpError (/home/devtrang/web/trang-dev.ictu.vn/chat/node_modules/send/index.js:984:7)
    at SendStream.error (/home/devtrang/web/trang-dev.ictu.vn/chat/node_modules/send/index.js:270:31)
    at SendStream.send (/home/devtrang/web/trang-dev.ictu.vn/chat/node_modules/send/index.js:666:19)
    at onstat (/home/devtrang/web/trang-dev.ictu.vn/chat/node_modules/send/index.js:725:10)
    at FSReqCallback.oncomplete (node:fs:198:5)
RangeNotSatisfiableError: Range Not Satisfiable
    at createHttpError (/home/devtrang/web/trang-dev.ictu.vn/chat/node_modules/send/index.js:984:7)
    at SendStream.error (/home/devtrang/web/trang-dev.ictu.vn/chat/node_modules/send/index.js:270:31)
    at SendStream.send (/home/devtrang/web/trang-dev.ictu.vn/chat/node_modules/send/index.js:666:19)
    at onstat (/home/devtrang/web/trang-dev.ictu.vn/chat/node_modules/send/index.js:725:10)
    at FSReqCallback.oncomplete (node:fs:198:5)
RangeNotSatisfiableError: Range Not Satisfiable
    at createHttpError (/home/devtrang/web/trang-dev.ictu.vn/chat/node_modules/send/index.js:984:7)
    at SendStream.error (/home/devtrang/web/trang-dev.ictu.vn/chat/node_modules/send/index.js:270:31)
    at SendStream.send (/home/devtrang/web/trang-dev.ictu.vn/chat/node_modules/send/index.js:666:19)
    at onstat (/home/devtrang/web/trang-dev.ictu.vn/chat/node_modules/send/index.js:725:10)
    at FSReqCallback.oncomplete (node:fs:198:5)
RangeNotSatisfiableError: Range Not Satisfiable
    at createHttpError (/home/devtrang/web/trang-dev.ictu.vn/chat/node_modules/send/index.js:984:7)
    at SendStream.error (/home/devtrang/web/trang-dev.ictu.vn/chat/node_modules/send/index.js:270:31)
    at SendStream.send (/home/devtrang/web/trang-dev.ictu.vn/chat/node_modules/send/index.js:666:19)
    at onstat (/home/devtrang/web/trang-dev.ictu.vn/chat/node_modules/send/index.js:725:10)
    at FSReqCallback.oncomplete (node:fs:198:5)
RangeNotSatisfiableError: Range Not Satisfiable
    at createHttpError (/home/devtrang/web/trang-dev.ictu.vn/chat/node_modules/send/index.js:984:7)
    at SendStream.error (/home/devtrang/web/trang-dev.ictu.vn/chat/node_modules/send/index.js:270:31)
    at SendStream.send (/home/devtrang/web/trang-dev.ictu.vn/chat/node_modules/send/index.js:666:19)
    at onstat (/home/devtrang/web/trang-dev.ictu.vn/chat/node_modules/send/index.js:725:10)
    at FSReqCallback.oncomplete (node:fs:198:5)
RangeNotSatisfiableError: Range Not Satisfiable
    at createHttpError (/home/devtrang/web/trang-dev.ictu.vn/chat/node_modules/send/index.js:984:7)
    at SendStream.error (/home/devtrang/web/trang-dev.ictu.vn/chat/node_modules/send/index.js:270:31)
    at SendStream.send (/home/devtrang/web/trang-dev.ictu.vn/chat/node_modules/send/index.js:666:19)
    at onstat (/home/devtrang/web/trang-dev.ictu.vn/chat/node_modules/send/index.js:725:10)
    at FSReqCallback.oncomplete (node:fs:198:5)
RangeNotSatisfiableError: Range Not Satisfiable
    at createHttpError (/home/devtrang/web/trang-dev.ictu.vn/chat/node_modules/send/index.js:984:7)
    at SendStream.error (/home/devtrang/web/trang-dev.ictu.vn/chat/node_modules/send/index.js:270:31)
    at SendStream.send (/home/devtrang/web/trang-dev.ictu.vn/chat/node_modules/send/index.js:666:19)
    at onstat (/home/devtrang/web/trang-dev.ictu.vn/chat/node_modules/send/index.js:725:10)
    at FSReqCallback.oncomplete (node:fs:198:5)
RangeNotSatisfiableError: Range Not Satisfiable
    at createHttpError (/home/devtrang/web/trang-dev.ictu.vn/chat/node_modules/send/index.js:984:7)
    at SendStream.error (/home/devtrang/web/trang-dev.ictu.vn/chat/node_modules/send/index.js:270:31)
    at SendStream.send (/home/devtrang/web/trang-dev.ictu.vn/chat/node_modules/send/index.js:666:19)
    at onstat (/home/devtrang/web/trang-dev.ictu.vn/chat/node_modules/send/index.js:725:10)
    at FSReqCallback.oncomplete (node:fs:198:5)
RangeNotSatisfiableError: Range Not Satisfiable
    at createHttpError (/home/devtrang/web/trang-dev.ictu.vn/chat/node_modules/send/index.js:984:7)
    at SendStream.error (/home/devtrang/web/trang-dev.ictu.vn/chat/node_modules/send/index.js:270:31)
    at SendStream.send (/home/devtrang/web/trang-dev.ictu.vn/chat/node_modules/send/index.js:666:19)
    at onstat (/home/devtrang/web/trang-dev.ictu.vn/chat/node_modules/send/index.js:725:10)
    at FSReqCallback.oncomplete (node:fs:198:5)
RangeNotSatisfiableError: Range Not Satisfiable
    at createHttpError (/home/devtrang/web/trang-dev.ictu.vn/chat/node_modules/send/index.js:984:7)
    at SendStream.error (/home/devtrang/web/trang-dev.ictu.vn/chat/node_modules/send/index.js:270:31)
    at SendStream.send (/home/devtrang/web/trang-dev.ictu.vn/chat/node_modules/send/index.js:666:19)
    at onstat (/home/devtrang/web/trang-dev.ictu.vn/chat/node_modules/send/index.js:725:10)
    at FSReqCallback.oncomplete (node:fs:198:5)
RangeNotSatisfiableError: Range Not Satisfiable
    at createHttpError (/home/devtrang/web/trang-dev.ictu.vn/chat/node_modules/send/index.js:984:7)
    at SendStream.error (/home/devtrang/web/trang-dev.ictu.vn/chat/node_modules/send/index.js:270:31)
    at SendStream.send (/home/devtrang/web/trang-dev.ictu.vn/chat/node_modules/send/index.js:666:19)
    at onstat (/home/devtrang/web/trang-dev.ictu.vn/chat/node_modules/send/index.js:725:10)
    at FSReqCallback.oncomplete (node:fs:198:5)
RangeNotSatisfiableError: Range Not Satisfiable
    at createHttpError (/home/devtrang/web/trang-dev.ictu.vn/chat/node_modules/send/index.js:984:7)
    at SendStream.error (/home/devtrang/web/trang-dev.ictu.vn/chat/node_modules/send/index.js:270:31)
    at SendStream.send (/home/devtrang/web/trang-dev.ictu.vn/chat/node_modules/send/index.js:666:19)
    at onstat (/home/devtrang/web/trang-dev.ictu.vn/chat/node_modules/send/index.js:725:10)
    at FSReqCallback.oncomplete (node:fs:198:5)
RangeNotSatisfiableError: Range Not Satisfiable
    at createHttpError (/home/devtrang/web/trang-dev.ictu.vn/chat/node_modules/send/index.js:984:7)
    at SendStream.error (/home/devtrang/web/trang-dev.ictu.vn/chat/node_modules/send/index.js:270:31)
    at SendStream.send (/home/devtrang/web/trang-dev.ictu.vn/chat/node_modules/send/index.js:666:19)
    at onstat (/home/devtrang/web/trang-dev.ictu.vn/chat/node_modules/send/index.js:725:10)
    at FSReqCallback.oncomplete (node:fs:198:5)
RangeNotSatisfiableError: Range Not Satisfiable
    at createHttpError (/home/devtrang/web/trang-dev.ictu.vn/chat/node_modules/send/index.js:984:7)
    at SendStream.error (/home/devtrang/web/trang-dev.ictu.vn/chat/node_modules/send/index.js:270:31)
    at SendStream.send (/home/devtrang/web/trang-dev.ictu.vn/chat/node_modules/send/index.js:666:19)
    at onstat (/home/devtrang/web/trang-dev.ictu.vn/chat/node_modules/send/index.js:725:10)
    at FSReqCallback.oncomplete (node:fs:198:5)
RangeNotSatisfiableError: Range Not Satisfiable
    at createHttpError (/home/devtrang/web/trang-dev.ictu.vn/chat/node_modules/send/index.js:984:7)
    at SendStream.error (/home/devtrang/web/trang-dev.ictu.vn/chat/node_modules/send/index.js:270:31)
    at SendStream.send (/home/devtrang/web/trang-dev.ictu.vn/chat/node_modules/send/index.js:666:19)
    at onstat (/home/devtrang/web/trang-dev.ictu.vn/chat/node_modules/send/index.js:725:10)
    at FSReqCallback.oncomplete (node:fs:198:5)
RangeNotSatisfiableError: Range Not Satisfiable
    at createHttpError (/home/devtrang/web/trang-dev.ictu.vn/chat/node_modules/send/index.js:984:7)
    at SendStream.error (/home/devtrang/web/trang-dev.ictu.vn/chat/node_modules/send/index.js:270:31)
    at SendStream.send (/home/devtrang/web/trang-dev.ictu.vn/chat/node_modules/send/index.js:666:19)
    at onstat (/home/devtrang/web/trang-dev.ictu.vn/chat/node_modules/send/index.js:725:10)
    at FSReqCallback.oncomplete (node:fs:198:5)
RangeNotSatisfiableError: Range Not Satisfiable
    at createHttpError (/home/devtrang/web/trang-dev.ictu.vn/chat/node_modules/send/index.js:984:7)
    at SendStream.error (/home/devtrang/web/trang-dev.ictu.vn/chat/node_modules/send/index.js:270:31)
    at SendStream.send (/home/devtrang/web/trang-dev.ictu.vn/chat/node_modules/send/index.js:666:19)
    at onstat (/home/devtrang/web/trang-dev.ictu.vn/chat/node_modules/send/index.js:725:10)
    at FSReqCallback.oncomplete (node:fs:198:5)
RangeNotSatisfiableError: Range Not Satisfiable
    at createHttpError (/home/devtrang/web/trang-dev.ictu.vn/chat/node_modules/send/index.js:984:7)
    at SendStream.error (/home/devtrang/web/trang-dev.ictu.vn/chat/node_modules/send/index.js:270:31)
    at SendStream.send (/home/devtrang/web/trang-dev.ictu.vn/chat/node_modules/send/index.js:666:19)
    at onstat (/home/devtrang/web/trang-dev.ictu.vn/chat/node_modules/send/index.js:725:10)
    at FSReqCallback.oncomplete (node:fs:198:5)
TokenExpiredError: jwt expired
    at /home/devtrang/web/trang-dev.ictu.vn/chat/node_modules/jsonwebtoken/verify.js:190:21
    at getSecret (/home/devtrang/web/trang-dev.ictu.vn/chat/node_modules/jsonwebtoken/verify.js:97:14)
    at module.exports [as verify] (/home/devtrang/web/trang-dev.ictu.vn/chat/node_modules/jsonwebtoken/verify.js:101:10)
    at Object.verifyAccessToken (/home/devtrang/web/trang-dev.ictu.vn/chat/src/auth/auth.js:55:41)
    at checkLogin (/home/devtrang/web/trang-dev.ictu.vn/chat/src/middlewares/middleware.js:13:39)
    at Layer.handle [as handle_request] (/home/devtrang/web/trang-dev.ictu.vn/chat/node_modules/express/lib/router/layer.js:95:5)
    at next (/home/devtrang/web/trang-dev.ictu.vn/chat/node_modules/express/lib/router/route.js:144:13)
    at Route.dispatch (/home/devtrang/web/trang-dev.ictu.vn/chat/node_modules/express/lib/router/route.js:114:3)
    at Layer.handle [as handle_request] (/home/devtrang/web/trang-dev.ictu.vn/chat/node_modules/express/lib/router/layer.js:95:5)
    at /home/devtrang/web/trang-dev.ictu.vn/chat/node_modules/express/lib/router/index.js:284:15 {
  expiredAt: 2024-05-10T03:57:06.000Z
}
Lỗi khi cập nhật người dùng: Error: Could not update
    at Object.update (/home/devtrang/web/trang-dev.ictu.vn/chat/src/models/user/userRepository.js:28:13)
    at async Object.update (/home/devtrang/web/trang-dev.ictu.vn/chat/src/services/userService.js:28:16)
    at async update (/home/devtrang/web/trang-dev.ictu.vn/chat/src/controllers/userController.js:49:28)
RangeNotSatisfiableError: Range Not Satisfiable
    at createHttpError (/home/devtrang/web/trang-dev.ictu.vn/chat/node_modules/send/index.js:984:7)
    at SendStream.error (/home/devtrang/web/trang-dev.ictu.vn/chat/node_modules/send/index.js:270:31)
    at SendStream.send (/home/devtrang/web/trang-dev.ictu.vn/chat/node_modules/send/index.js:666:19)
    at onstat (/home/devtrang/web/trang-dev.ictu.vn/chat/node_modules/send/index.js:725:10)
    at FSReqCallback.oncomplete (node:fs:198:5)
RangeNotSatisfiableError: Range Not Satisfiable
    at createHttpError (/home/devtrang/web/trang-dev.ictu.vn/chat/node_modules/send/index.js:984:7)
    at SendStream.error (/home/devtrang/web/trang-dev.ictu.vn/chat/node_modules/send/index.js:270:31)
    at SendStream.send (/home/devtrang/web/trang-dev.ictu.vn/chat/node_modules/send/index.js:666:19)
    at onstat (/home/devtrang/web/trang-dev.ictu.vn/chat/node_modules/send/index.js:725:10)
    at FSReqCallback.oncomplete (node:fs:198:5)
RangeNotSatisfiableError: Range Not Satisfiable
    at createHttpError (/home/devtrang/web/trang-dev.ictu.vn/chat/node_modules/send/index.js:984:7)
    at SendStream.error (/home/devtrang/web/trang-dev.ictu.vn/chat/node_modules/send/index.js:270:31)
    at SendStream.send (/home/devtrang/web/trang-dev.ictu.vn/chat/node_modules/send/index.js:666:19)
    at onstat (/home/devtrang/web/trang-dev.ictu.vn/chat/node_modules/send/index.js:725:10)
    at FSReqCallback.oncomplete (node:fs:198:5)
RangeNotSatisfiableError: Range Not Satisfiable
    at createHttpError (/home/devtrang/web/trang-dev.ictu.vn/chat/node_modules/send/index.js:984:7)
    at SendStream.error (/home/devtrang/web/trang-dev.ictu.vn/chat/node_modules/send/index.js:270:31)
    at SendStream.send (/home/devtrang/web/trang-dev.ictu.vn/chat/node_modules/send/index.js:666:19)
    at onstat (/home/devtrang/web/trang-dev.ictu.vn/chat/node_modules/send/index.js:725:10)
    at FSReqCallback.oncomplete (node:fs:198:5)
RangeNotSatisfiableError: Range Not Satisfiable
    at createHttpError (/home/devtrang/web/trang-dev.ictu.vn/chat/node_modules/send/index.js:984:7)
    at SendStream.error (/home/devtrang/web/trang-dev.ictu.vn/chat/node_modules/send/index.js:270:31)
    at SendStream.send (/home/devtrang/web/trang-dev.ictu.vn/chat/node_modules/send/index.js:666:19)
    at onstat (/home/devtrang/web/trang-dev.ictu.vn/chat/node_modules/send/index.js:725:10)
    at FSReqCallback.oncomplete (node:fs:198:5)
RangeNotSatisfiableError: Range Not Satisfiable
    at createHttpError (/home/devtrang/web/trang-dev.ictu.vn/chat/node_modules/send/index.js:984:7)
    at SendStream.error (/home/devtrang/web/trang-dev.ictu.vn/chat/node_modules/send/index.js:270:31)
    at SendStream.send (/home/devtrang/web/trang-dev.ictu.vn/chat/node_modules/send/index.js:666:19)
    at onstat (/home/devtrang/web/trang-dev.ictu.vn/chat/node_modules/send/index.js:725:10)
    at FSReqCallback.oncomplete (node:fs:198:5)
RangeNotSatisfiableError: Range Not Satisfiable
    at createHttpError (/home/devtrang/web/trang-dev.ictu.vn/chat/node_modules/send/index.js:984:7)
    at SendStream.error (/home/devtrang/web/trang-dev.ictu.vn/chat/node_modules/send/index.js:270:31)
    at SendStream.send (/home/devtrang/web/trang-dev.ictu.vn/chat/node_modules/send/index.js:666:19)
    at onstat (/home/devtrang/web/trang-dev.ictu.vn/chat/node_modules/send/index.js:725:10)
    at FSReqCallback.oncomplete (node:fs:198:5)
RangeNotSatisfiableError: Range Not Satisfiable
    at createHttpError (/home/devtrang/web/trang-dev.ictu.vn/chat/node_modules/send/index.js:984:7)
    at SendStream.error (/home/devtrang/web/trang-dev.ictu.vn/chat/node_modules/send/index.js:270:31)
    at SendStream.send (/home/devtrang/web/trang-dev.ictu.vn/chat/node_modules/send/index.js:666:19)
    at onstat (/home/devtrang/web/trang-dev.ictu.vn/chat/node_modules/send/index.js:725:10)
    at FSReqCallback.oncomplete (node:fs:198:5)
RangeNotSatisfiableError: Range Not Satisfiable
    at createHttpError (/home/devtrang/web/trang-dev.ictu.vn/chat/node_modules/send/index.js:984:7)
    at SendStream.error (/home/devtrang/web/trang-dev.ictu.vn/chat/node_modules/send/index.js:270:31)
    at SendStream.send (/home/devtrang/web/trang-dev.ictu.vn/chat/node_modules/send/index.js:666:19)
    at onstat (/home/devtrang/web/trang-dev.ictu.vn/chat/node_modules/send/index.js:725:10)
    at FSReqCallback.oncomplete (node:fs:198:5)
RangeNotSatisfiableError: Range Not Satisfiable
    at createHttpError (/home/devtrang/web/trang-dev.ictu.vn/chat/node_modules/send/index.js:984:7)
    at SendStream.error (/home/devtrang/web/trang-dev.ictu.vn/chat/node_modules/send/index.js:270:31)
    at SendStream.send (/home/devtrang/web/trang-dev.ictu.vn/chat/node_modules/send/index.js:666:19)
    at onstat (/home/devtrang/web/trang-dev.ictu.vn/chat/node_modules/send/index.js:725:10)
    at FSReqCallback.oncomplete (node:fs:198:5)
RangeNotSatisfiableError: Range Not Satisfiable
    at createHttpError (/home/devtrang/web/trang-dev.ictu.vn/chat/node_modules/send/index.js:984:7)
    at SendStream.error (/home/devtrang/web/trang-dev.ictu.vn/chat/node_modules/send/index.js:270:31)
    at SendStream.send (/home/devtrang/web/trang-dev.ictu.vn/chat/node_modules/send/index.js:666:19)
    at onstat (/home/devtrang/web/trang-dev.ictu.vn/chat/node_modules/send/index.js:725:10)
    at FSReqCallback.oncomplete (node:fs:198:5)
RangeNotSatisfiableError: Range Not Satisfiable
    at createHttpError (/home/devtrang/web/trang-dev.ictu.vn/chat/node_modules/send/index.js:984:7)
    at SendStream.error (/home/devtrang/web/trang-dev.ictu.vn/chat/node_modules/send/index.js:270:31)
    at SendStream.send (/home/devtrang/web/trang-dev.ictu.vn/chat/node_modules/send/index.js:666:19)
    at onstat (/home/devtrang/web/trang-dev.ictu.vn/chat/node_modules/send/index.js:725:10)
    at FSReqCallback.oncomplete (node:fs:198:5)
RangeNotSatisfiableError: Range Not Satisfiable
    at createHttpError (/home/devtrang/web/trang-dev.ictu.vn/chat/node_modules/send/index.js:984:7)
    at SendStream.error (/home/devtrang/web/trang-dev.ictu.vn/chat/node_modules/send/index.js:270:31)
    at SendStream.send (/home/devtrang/web/trang-dev.ictu.vn/chat/node_modules/send/index.js:666:19)
    at onstat (/home/devtrang/web/trang-dev.ictu.vn/chat/node_modules/send/index.js:725:10)
    at FSReqCallback.oncomplete (node:fs:198:5)
RangeNotSatisfiableError: Range Not Satisfiable
    at createHttpError (/home/devtrang/web/trang-dev.ictu.vn/chat/node_modules/send/index.js:984:7)
    at SendStream.error (/home/devtrang/web/trang-dev.ictu.vn/chat/node_modules/send/index.js:270:31)
    at SendStream.send (/home/devtrang/web/trang-dev.ictu.vn/chat/node_modules/send/index.js:666:19)
    at onstat (/home/devtrang/web/trang-dev.ictu.vn/chat/node_modules/send/index.js:725:10)
    at FSReqCallback.oncomplete (node:fs:198:5)
RangeNotSatisfiableError: Range Not Satisfiable
    at createHttpError (/home/devtrang/web/trang-dev.ictu.vn/chat/node_modules/send/index.js:984:7)
    at SendStream.error (/home/devtrang/web/trang-dev.ictu.vn/chat/node_modules/send/index.js:270:31)
    at SendStream.send (/home/devtrang/web/trang-dev.ictu.vn/chat/node_modules/send/index.js:666:19)
    at onstat (/home/devtrang/web/trang-dev.ictu.vn/chat/node_modules/send/index.js:725:10)
    at FSReqCallback.oncomplete (node:fs:198:5)
RangeNotSatisfiableError: Range Not Satisfiable
    at createHttpError (/home/devtrang/web/trang-dev.ictu.vn/chat/node_modules/send/index.js:984:7)
    at SendStream.error (/home/devtrang/web/trang-dev.ictu.vn/chat/node_modules/send/index.js:270:31)
    at SendStream.send (/home/devtrang/web/trang-dev.ictu.vn/chat/node_modules/send/index.js:666:19)
    at onstat (/home/devtrang/web/trang-dev.ictu.vn/chat/node_modules/send/index.js:725:10)
    at FSReqCallback.oncomplete (node:fs:198:5)
TokenExpiredError: jwt expired
    at /home/devtrang/web/trang-dev.ictu.vn/chat/node_modules/jsonwebtoken/verify.js:190:21
    at getSecret (/home/devtrang/web/trang-dev.ictu.vn/chat/node_modules/jsonwebtoken/verify.js:97:14)
    at module.exports [as verify] (/home/devtrang/web/trang-dev.ictu.vn/chat/node_modules/jsonwebtoken/verify.js:101:10)
    at Object.verifyAccessToken (/home/devtrang/web/trang-dev.ictu.vn/chat/src/auth/auth.js:55:41)
    at checkLogin (/home/devtrang/web/trang-dev.ictu.vn/chat/src/middlewares/middleware.js:13:39)
    at Layer.handle [as handle_request] (/home/devtrang/web/trang-dev.ictu.vn/chat/node_modules/express/lib/router/layer.js:95:5)
    at next (/home/devtrang/web/trang-dev.ictu.vn/chat/node_modules/express/lib/router/route.js:144:13)
    at Route.dispatch (/home/devtrang/web/trang-dev.ictu.vn/chat/node_modules/express/lib/router/route.js:114:3)
    at Layer.handle [as handle_request] (/home/devtrang/web/trang-dev.ictu.vn/chat/node_modules/express/lib/router/layer.js:95:5)
    at /home/devtrang/web/trang-dev.ictu.vn/chat/node_modules/express/lib/router/index.js:284:15 {
  expiredAt: 2024-03-27T09:28:53.000Z
}
